
==== 2025-07-18 08:19:02 ====
{"columns":["2022","2023","2024","2025","2026"],"rows":[{"2022":408531176.77,"2023":263569916.63,"2024":276004972.69,"2025":0,"2026":0,"month":"January"},{"2022":239761718.38,"2023":226356164.3,"2024":191530929.47,"2025":0,"2026":0,"month":"February"},{"2022":394935606.46,"2023":261778295.29,"2024":214907671.7,"2025":0,"2026":0,"month":"March"},{"2022":400891037.27,"2023":215771835.07,"2024":232014272.14,"2025":0,"2026":0,"month":"April"},{"2022":345725679.36,"2023":324280067.64,"2024":324627750.87,"2025":0,"2026":0,"month":"May"},{"2022":268966198.26,"2023":235560482.89,"2024":212303812.34,"2025":0,"2026":0,"month":"June"},{"2022":359792973.34,"2023":244689028.37,"2024":274788036.68,"2025":0,"2026":0,"month":"July"},{"2022":310830376.16,"2023":344761866.36,"2024":210420404.31,"2025":0,"2026":0,"month":"August"},{"2022":318990291.52,"2023":210214202.2,"2024":191837139,"2025":0,"2026":0,"month":"September"},{"2022":304693148.3,"2023":266639022.25,"2024":123,"2025":0,"2026":0,"month":"October"},{"2022":303936172.09,"2023":296062485.55,"2024":0,"2025":0,"2026":0,"month":"November"},{"2022":289911760.38,"2023":251155864.77,"2024":0,"2025":0,"2026":0,"month":"December"}]}Decoded: Array
(
    [columns] => Array
        (
            [0] => 2022
            [1] => 2023
            [2] => 2024
            [3] => 2025
            [4] => 2026
        )

    [rows] => Array
        (
            [0] => Array
                (
                    [2022] => 408531176.77
                    [2023] => 263569916.63
                    [2024] => 276004972.69
                    [2025] => 0
                    [2026] => 0
                    [month] => January
                )

            [1] => Array
                (
                    [2022] => 239761718.38
                    [2023] => 226356164.3
                    [2024] => 191530929.47
                    [2025] => 0
                    [2026] => 0
                    [month] => February
                )

            [2] => Array
                (
                    [2022] => 394935606.46
                    [2023] => 261778295.29
                    [2024] => 214907671.7
                    [2025] => 0
                    [2026] => 0
                    [month] => March
                )

            [3] => Array
                (
                    [2022] => 400891037.27
                    [2023] => 215771835.07
                    [2024] => 232014272.14
                    [2025] => 0
                    [2026] => 0
                    [month] => April
                )

            [4] => Array
                (
                    [2022] => 345725679.36
                    [2023] => 324280067.64
                    [2024] => 324627750.87
                    [2025] => 0
                    [2026] => 0
                    [month] => May
                )

            [5] => Array
                (
                    [2022] => 268966198.26
                    [2023] => 235560482.89
                    [2024] => 212303812.34
                    [2025] => 0
                    [2026] => 0
                    [month] => June
                )

            [6] => Array
                (
                    [2022] => 359792973.34
                    [2023] => 244689028.37
                    [2024] => 274788036.68
                    [2025] => 0
                    [2026] => 0
                    [month] => July
                )

            [7] => Array
                (
                    [2022] => 310830376.16
                    [2023] => 344761866.36
                    [2024] => 210420404.31
                    [2025] => 0
                    [2026] => 0
                    [month] => August
                )

            [8] => Array
                (
                    [2022] => 318990291.52
                    [2023] => 210214202.2
                    [2024] => 191837139
                    [2025] => 0
                    [2026] => 0
                    [month] => September
                )

            [9] => Array
                (
                    [2022] => 304693148.3
                    [2023] => 266639022.25
                    [2024] => 123
                    [2025] => 0
                    [2026] => 0
                    [month] => October
                )

            [10] => Array
                (
                    [2022] => 303936172.09
                    [2023] => 296062485.55
                    [2024] => 0
                    [2025] => 0
                    [2026] => 0
                    [month] => November
                )

            [11] => Array
                (
                    [2022] => 289911760.38
                    [2023] => 251155864.77
                    [2024] => 0
                    [2025] => 0
                    [2026] => 0
                    [month] => December
                )

        )

)
Update result: 1
==== 2025-07-18 08:21:42 FULL POST ====
Array
(
    [code] => timber_export
    [type] => graph
    [title] => Timber Export Value (RM)
    [description] => Monthly timber export valuess
    [data] => {"columns":["2022","2023","2024","2025","2026"],"rows":[{"2022":408531176.77,"2023":263569916.63,"2024":276004972.69,"2025":0,"2026":0,"month":"January"},{"2022":239761718.38,"2023":226356164.3,"2024":191530929.47,"2025":0,"2026":0,"month":"February"},{"2022":394935606.46,"2023":261778295.29,"2024":214907671.7,"2025":0,"2026":0,"month":"March"},{"2022":400891037.27,"2023":215771835.07,"2024":232014272.14,"2025":0,"2026":0,"month":"April"},{"2022":345725679.36,"2023":324280067.64,"2024":324627750.87,"2025":0,"2026":0,"month":"May"},{"2022":268966198.26,"2023":235560482.89,"2024":212303812.34,"2025":0,"2026":0,"month":"June"},{"2022":359792973.34,"2023":244689028.37,"2024":274788036.68,"2025":0,"2026":0,"month":"July"},{"2022":310830376.16,"2023":344761866.36,"2024":210420404.31,"2025":0,"2026":0,"month":"August"},{"2022":318990291.52,"2023":210214202.2,"2024":191837139,"2025":0,"2026":0,"month":"September"},{"2022":304693148.3,"2023":266639022.25,"2024":123,"2025":0,"2026":0,"month":"October"},{"2022":303936172.09,"2023":296062485.55,"2024":0,"2025":0,"2026":0,"month":"November"},{"2022":289911760.38,"2023":251155864.77,"2024":0,"2025":0,"2026":0,"month":"December"}]}
    [is_draft] => 0
)
Decoded: Array
(
    [columns] => Array
        (
            [0] => 2022
            [1] => 2023
            [2] => 2024
            [3] => 2025
            [4] => 2026
        )

    [rows] => Array
        (
            [0] => Array
                (
                    [2022] => 408531176.77
                    [2023] => 263569916.63
                    [2024] => 276004972.69
                    [2025] => 0
                    [2026] => 0
                    [month] => January
                )

            [1] => Array
                (
                    [2022] => 239761718.38
                    [2023] => 226356164.3
                    [2024] => 191530929.47
                    [2025] => 0
                    [2026] => 0
                    [month] => February
                )

            [2] => Array
                (
                    [2022] => 394935606.46
                    [2023] => 261778295.29
                    [2024] => 214907671.7
                    [2025] => 0
                    [2026] => 0
                    [month] => March
                )

            [3] => Array
                (
                    [2022] => 400891037.27
                    [2023] => 215771835.07
                    [2024] => 232014272.14
                    [2025] => 0
                    [2026] => 0
                    [month] => April
                )

            [4] => Array
                (
                    [2022] => 345725679.36
                    [2023] => 324280067.64
                    [2024] => 324627750.87
                    [2025] => 0
                    [2026] => 0
                    [month] => May
                )

            [5] => Array
                (
                    [2022] => 268966198.26
                    [2023] => 235560482.89
                    [2024] => 212303812.34
                    [2025] => 0
                    [2026] => 0
                    [month] => June
                )

            [6] => Array
                (
                    [2022] => 359792973.34
                    [2023] => 244689028.37
                    [2024] => 274788036.68
                    [2025] => 0
                    [2026] => 0
                    [month] => July
                )

            [7] => Array
                (
                    [2022] => 310830376.16
                    [2023] => 344761866.36
                    [2024] => 210420404.31
                    [2025] => 0
                    [2026] => 0
                    [month] => August
                )

            [8] => Array
                (
                    [2022] => 318990291.52
                    [2023] => 210214202.2
                    [2024] => 191837139
                    [2025] => 0
                    [2026] => 0
                    [month] => September
                )

            [9] => Array
                (
                    [2022] => 304693148.3
                    [2023] => 266639022.25
                    [2024] => 123
                    [2025] => 0
                    [2026] => 0
                    [month] => October
                )

            [10] => Array
                (
                    [2022] => 303936172.09
                    [2023] => 296062485.55
                    [2024] => 0
                    [2025] => 0
                    [2026] => 0
                    [month] => November
                )

            [11] => Array
                (
                    [2022] => 289911760.38
                    [2023] => 251155864.77
                    [2024] => 0
                    [2025] => 0
                    [2026] => 0
                    [month] => December
                )

        )

)
Update result: 1
==== 2025-07-18 08:21:48 FULL POST ====
Array
(
    [code] => timber_export
    [type] => graph
    [title] => Timber Export Value (RM)
    [description] => Monthly timber export values
    [data] => {"columns":["2022","2023","2024","2025","2026"],"rows":[{"2022":408531176.77,"2023":263569916.63,"2024":276004972.69,"2025":0,"2026":0,"month":"January"},{"2022":239761718.38,"2023":226356164.3,"2024":191530929.47,"2025":0,"2026":0,"month":"February"},{"2022":394935606.46,"2023":261778295.29,"2024":214907671.7,"2025":0,"2026":0,"month":"March"},{"2022":400891037.27,"2023":215771835.07,"2024":232014272.14,"2025":0,"2026":0,"month":"April"},{"2022":345725679.36,"2023":324280067.64,"2024":324627750.87,"2025":0,"2026":0,"month":"May"},{"2022":268966198.26,"2023":235560482.89,"2024":212303812.34,"2025":0,"2026":0,"month":"June"},{"2022":359792973.34,"2023":244689028.37,"2024":274788036.68,"2025":0,"2026":0,"month":"July"},{"2022":310830376.16,"2023":344761866.36,"2024":210420404.31,"2025":0,"2026":0,"month":"August"},{"2022":318990291.52,"2023":210214202.2,"2024":191837139,"2025":0,"2026":0,"month":"September"},{"2022":304693148.3,"2023":266639022.25,"2024":123,"2025":0,"2026":0,"month":"October"},{"2022":303936172.09,"2023":296062485.55,"2024":0,"2025":0,"2026":0,"month":"November"},{"2022":289911760.38,"2023":251155864.77,"2024":0,"2025":0,"2026":0,"month":"December"}]}
    [is_draft] => 0
)
Decoded: Array
(
    [columns] => Array
        (
            [0] => 2022
            [1] => 2023
            [2] => 2024
            [3] => 2025
            [4] => 2026
        )

    [rows] => Array
        (
            [0] => Array
                (
                    [2022] => 408531176.77
                    [2023] => 263569916.63
                    [2024] => 276004972.69
                    [2025] => 0
                    [2026] => 0
                    [month] => January
                )

            [1] => Array
                (
                    [2022] => 239761718.38
                    [2023] => 226356164.3
                    [2024] => 191530929.47
                    [2025] => 0
                    [2026] => 0
                    [month] => February
                )

            [2] => Array
                (
                    [2022] => 394935606.46
                    [2023] => 261778295.29
                    [2024] => 214907671.7
                    [2025] => 0
                    [2026] => 0
                    [month] => March
                )

            [3] => Array
                (
                    [2022] => 400891037.27
                    [2023] => 215771835.07
                    [2024] => 232014272.14
                    [2025] => 0
                    [2026] => 0
                    [month] => April
                )

            [4] => Array
                (
                    [2022] => 345725679.36
                    [2023] => 324280067.64
                    [2024] => 324627750.87
                    [2025] => 0
                    [2026] => 0
                    [month] => May
                )

            [5] => Array
                (
                    [2022] => 268966198.26
                    [2023] => 235560482.89
                    [2024] => 212303812.34
                    [2025] => 0
                    [2026] => 0
                    [month] => June
                )

            [6] => Array
                (
                    [2022] => 359792973.34
                    [2023] => 244689028.37
                    [2024] => 274788036.68
                    [2025] => 0
                    [2026] => 0
                    [month] => July
                )

            [7] => Array
                (
                    [2022] => 310830376.16
                    [2023] => 344761866.36
                    [2024] => 210420404.31
                    [2025] => 0
                    [2026] => 0
                    [month] => August
                )

            [8] => Array
                (
                    [2022] => 318990291.52
                    [2023] => 210214202.2
                    [2024] => 191837139
                    [2025] => 0
                    [2026] => 0
                    [month] => September
                )

            [9] => Array
                (
                    [2022] => 304693148.3
                    [2023] => 266639022.25
                    [2024] => 123
                    [2025] => 0
                    [2026] => 0
                    [month] => October
                )

            [10] => Array
                (
                    [2022] => 303936172.09
                    [2023] => 296062485.55
                    [2024] => 0
                    [2025] => 0
                    [2026] => 0
                    [month] => November
                )

            [11] => Array
                (
                    [2022] => 289911760.38
                    [2023] => 251155864.77
                    [2024] => 0
                    [2025] => 0
                    [2026] => 0
                    [month] => December
                )

        )

)
Update result: 1